<?xml version="1.0" encoding="UTF-8"?>
<!-- Generated by org.testng.reporters.JUnitReportReporter -->
<testsuite hostname="INBELW010456A" name="com.sweety.testCase.FunctionalTest" tests="1" failures="0" timestamp="15 May 2016 10:04:00 GMT" time="43.911" errors="0">
  <testcase name="FuncTest" time="43.911" classname="com.sweety.testCase.FunctionalTest"/>
</testsuite> <!-- com.sweety.testCase.FunctionalTest -->
