<?xml version="1.0" encoding="UTF-8"?>
<!-- Generated by org.testng.reporters.JUnitReportReporter -->
<testsuite hostname="INBELW010456A" name="com.sweety.testCase.FunctionalTest" tests="5" failures="0" timestamp="17 May 2016 12:03:11 GMT" time="302.246" errors="0">
  <testcase name="FuncTest" time="63.571" classname="com.sweety.testCase.FunctionalTest"/>
  <testcase name="FuncTest" time="59.970" classname="com.sweety.testCase.FunctionalTest"/>
  <testcase name="FuncTest" time="50.049" classname="com.sweety.testCase.FunctionalTest"/>
  <testcase name="FuncTest" time="59.392" classname="com.sweety.testCase.FunctionalTest"/>
  <testcase name="FuncTest" time="69.264" classname="com.sweety.testCase.FunctionalTest"/>
</testsuite> <!-- com.sweety.testCase.FunctionalTest -->
